<?xml version="1.0" encoding="UTF-8"?>
<!-- Generated by org.testng.reporters.JUnitReportReporter -->
<testsuite skipped="0" hostname="DESKTOP-O7LM0VM" name="Runner.Test_Runner" tests="1" failures="0" timestamp="2021-05-03T19:04:37 IST" time="37.408" errors="0">
  <testcase name="runScenario" time="37.408" classname="Runner.Test_Runner"/>
  <system-out/>
</testsuite> <!-- Runner.Test_Runner -->
